<?xml version="1.0" encoding="UTF-8"?>
<testsuite name="com.cg.addressbook.JSONServerTestAddressBook" tests="1" skipped="0" failures="0" errors="0" timestamp="2020-11-06T19:38:28" hostname="ABHINAVs-MacBook-Air.local" time="2.611">
  <properties/>
  <testcase name="test_WriteContactIntoJsonServer" classname="com.cg.addressbook.JSONServerTestAddressBook" time="2.611"/>
  <system-out><![CDATA[Driver loaded
 com.mysql.fabric.jdbc.FabricMySQLDriver
 com.mysql.jdbc.Driver
Connecting to database:jdbc:mysql://localhost:3306/address_book_service?useSSL=false
Connected com.mysql.jdbc.JDBC4Connection@23e345ce
]]></system-out>
  <system-err><![CDATA[]]></system-err>
</testsuite>
